0 info it worked if it ends with ok
1 verbose cli [ 'E:\\Program Files\\nodejs\\\\node.exe',
1 verbose cli   'E:\\Program Files\\nodejs\\node_modules\\npm\\bin\\npm-cli.js',
1 verbose cli   'install',
1 verbose cli   'angular-new-router' ]
2 info using npm@2.10.1
3 info using node@v0.12.4
4 verbose install initial load of E:\Code\IBSys2\Project_AluGurke\package.json
5 warn package.json project_alugurke@1.0.0 No README data
6 verbose installManyTop reading scoped package data from E:\Code\IBSys2\Project_AluGurke\node_modules\angular\package.json
7 verbose installManyTop reading scoped package data from E:\Code\IBSys2\Project_AluGurke\node_modules\browser-sync\package.json
8 verbose installManyTop reading scoped package data from E:\Code\IBSys2\Project_AluGurke\node_modules\express\package.json
9 verbose installManyTop reading scoped package data from E:\Code\IBSys2\Project_AluGurke\node_modules\gulp\package.json
10 verbose installManyTop reading scoped package data from E:\Code\IBSys2\Project_AluGurke\node_modules\gulp-minify-html\package.json
11 verbose installManyTop reading scoped package data from E:\Code\IBSys2\Project_AluGurke\node_modules\gulp-shell\package.json
12 verbose installManyTop reading scoped package data from E:\Code\IBSys2\Project_AluGurke\node_modules\gulp-watch\package.json
13 verbose installManyTop reading scoped package data from E:\Code\IBSys2\Project_AluGurke\node_modules\require-dir\package.json
14 verbose readDependencies loading dependencies from E:\Code\IBSys2\Project_AluGurke\package.json
15 silly cache add args [ 'angular-new-router', null ]
16 verbose cache add spec angular-new-router
17 silly cache add parsed spec { raw: 'angular-new-router',
17 silly cache add   scope: null,
17 silly cache add   name: 'angular-new-router',
17 silly cache add   rawSpec: '',
17 silly cache add   spec: '*',
17 silly cache add   type: 'range' }
18 silly addNamed angular-new-router@*
19 verbose addNamed "*" is a valid semver range for angular-new-router
20 silly addNameRange { name: 'angular-new-router', range: '*', hasData: false }
21 silly mapToRegistry name angular-new-router
22 silly mapToRegistry using default registry
23 silly mapToRegistry registry https://registry.npmjs.org/
24 silly mapToRegistry uri https://registry.npmjs.org/angular-new-router
25 verbose addNameRange registry:https://registry.npmjs.org/angular-new-router not in flight; fetching
26 verbose request uri https://registry.npmjs.org/angular-new-router
27 verbose request no auth needed
28 info attempt registry request try #1 at 15:11:27
29 verbose request id db639ed39d226442
30 verbose etag "6ZPZ0J93GUK3SAK8J91V5NZ9Z"
31 http request GET https://registry.npmjs.org/angular-new-router
32 http 304 https://registry.npmjs.org/angular-new-router
33 silly get cb [ 304,
33 silly get   { date: 'Sun, 04 Oct 2015 13:11:27 GMT',
33 silly get     via: '1.1 varnish',
33 silly get     'cache-control': 'max-age=60',
33 silly get     etag: '"6ZPZ0J93GUK3SAK8J91V5NZ9Z"',
33 silly get     age: '0',
33 silly get     connection: 'keep-alive',
33 silly get     'x-served-by': 'cache-fra1225-FRA',
33 silly get     'x-cache': 'MISS',
33 silly get     'x-cache-hits': '0',
33 silly get     'x-timer': 'S1443964287.167894,VS0,VE197',
33 silly get     vary: 'Accept' } ]
34 verbose etag https://registry.npmjs.org/angular-new-router from cache
35 verbose get saving angular-new-router to C:\Users\Admin\AppData\Roaming\npm-cache\registry.npmjs.org\angular-new-router\.cache.json
36 silly addNameRange number 2 { name: 'angular-new-router', range: '*', hasData: true }
37 silly addNameRange versions [ 'angular-new-router',
37 silly addNameRange   [ '0.0.1',
37 silly addNameRange     '0.0.2',
37 silly addNameRange     '0.1.0',
37 silly addNameRange     '0.2.0',
37 silly addNameRange     '0.3.0',
37 silly addNameRange     '0.4.0',
37 silly addNameRange     '0.5.0',
37 silly addNameRange     '0.5.1',
37 silly addNameRange     '0.5.2',
37 silly addNameRange     '0.5.3' ] ]
38 silly addNamed angular-new-router@0.5.3
39 verbose addNamed "0.5.3" is a plain semver version for angular-new-router
40 silly cache afterAdd angular-new-router@0.5.3
41 verbose afterAdd C:\Users\Admin\AppData\Roaming\npm-cache\angular-new-router\0.5.3\package\package.json not in flight; writing
42 verbose afterAdd C:\Users\Admin\AppData\Roaming\npm-cache\angular-new-router\0.5.3\package\package.json written
43 silly install resolved [ { name: 'angular-new-router',
43 silly install resolved     version: '0.5.3',
43 silly install resolved     description: 'A new router for both Angular 1 and Angular 2',
43 silly install resolved     homepage: 'https://github.com/angular/router',
43 silly install resolved     main: 'dist/router.es5.js',
43 silly install resolved     repository: { type: 'git', url: 'git://github.com/angular/router.git' },
43 silly install resolved     bugs: { url: 'https://github.com/angular/router/issues' },
43 silly install resolved     dependencies:
43 silly install resolved      { requirejs: '^2.1.15',
43 silly install resolved        'route-recognizer': 'git://github.com/btford/route-recognizer.git',
43 silly install resolved        traceur: '^0.0.72' },
43 silly install resolved     devDependencies:
43 silly install resolved      { angular: '^1.3.7',
43 silly install resolved        'angular-animate': '^1.3.7',
43 silly install resolved        'angular-aria': '^1.3.7',
43 silly install resolved        'angular-mocks': '^1.3.7',
43 silly install resolved        'angular-modal': '^0.5.0',
43 silly install resolved        'angular-resource': '^1.3.7',
43 silly install resolved        assert: 'git+https://github.com/angular/assert.git#dist',
43 silly install resolved        'canonical-path': '0.0.2',
43 silly install resolved        dgeni: '^0.4.1',
43 silly install resolved        'dgeni-packages': '^0.10.8',
43 silly install resolved        'escape-regexp': '0.0.1',
43 silly install resolved        eshighlight: '^0.2.2',
43 silly install resolved        falafel: '^0.3.1',
43 silly install resolved        gulp: '^3.8.9',
43 silly install resolved        'gulp-concat': '^2.4.2',
43 silly install resolved        'gulp-connect': '^2.0.6',
43 silly install resolved        'gulp-merge': '^0.1.0',
43 silly install resolved        'gulp-ng-annotate': '^0.5.2',
43 silly install resolved        'gulp-rename': '^1.2.0',
43 silly install resolved        'gulp-traceur': '^0.13.0',
43 silly install resolved        'gulp-uglify': '^1.1.0',
43 silly install resolved        'highlight.js': '^8.4.0',
43 silly install resolved        karma: '^0.12.24',
43 silly install resolved        'karma-chrome-launcher': '^0.1.5',
43 silly install resolved        'karma-firefox-launcher': '^0.1.3',
43 silly install resolved        'karma-jasmine': '^0.2.2',
43 silly install resolved        'karma-requirejs': '^0.2.2',
43 silly install resolved        'karma-sauce-launcher': '^0.2.9',
43 silly install resolved        'karma-traceur-preprocessor': '^0.4.0',
43 silly install resolved        lodash: '^2.4.1',
43 silly install resolved        marked: '^0.3.2',
43 silly install resolved        protractor: '^0.21.0',
43 silly install resolved        q: '^1.1.2',
43 silly install resolved        through2: '^0.4.1' },
43 silly install resolved     scripts: { test: 'karma start --single-run' },
43 silly install resolved     author: { name: 'Angular Core Team' },
43 silly install resolved     license: 'Apache-2.0',
43 silly install resolved     gitHead: 'c7b6b498c551754cc07d4b56a74fd951cbe2a483',
43 silly install resolved     _id: 'angular-new-router@0.5.3',
43 silly install resolved     _shasum: '79e5eec2674b0b85cd7f36915716ba33a7734ab8',
43 silly install resolved     _from: 'angular-new-router@*',
43 silly install resolved     _npmVersion: '2.7.0',
43 silly install resolved     _nodeVersion: '0.10.35',
43 silly install resolved     _npmUser: { name: 'btford', email: 'briantford@gmail.com' },
43 silly install resolved     maintainers: [ [Object] ],
43 silly install resolved     dist:
43 silly install resolved      { shasum: '79e5eec2674b0b85cd7f36915716ba33a7734ab8',
43 silly install resolved        tarball: 'http://registry.npmjs.org/angular-new-router/-/angular-new-router-0.5.3.tgz' },
43 silly install resolved     directories: {},
43 silly install resolved     _resolved: 'https://registry.npmjs.org/angular-new-router/-/angular-new-router-0.5.3.tgz',
43 silly install resolved     readme: 'ERROR: No README data found!' } ]
44 info install angular-new-router@0.5.3 into E:\Code\IBSys2\Project_AluGurke
45 info installOne angular-new-router@0.5.3
46 verbose installOne of angular-new-router to E:\Code\IBSys2\Project_AluGurke not in flight; installing
47 verbose lock using C:\Users\Admin\AppData\Roaming\npm-cache\_locks\angular-new-router-5653df2668191d41.lock for E:\Code\IBSys2\Project_AluGurke\node_modules\angular-new-router
48 silly install write writing angular-new-router 0.5.3 to E:\Code\IBSys2\Project_AluGurke\node_modules\angular-new-router
49 verbose unbuild node_modules\angular-new-router
50 silly gentlyRm E:\Code\IBSys2\Project_AluGurke\node_modules\angular-new-router is being purged from base E:\Code\IBSys2\Project_AluGurke
51 verbose gentlyRm don't care about contents; nuking E:\Code\IBSys2\Project_AluGurke\node_modules\angular-new-router
52 verbose tar unpack C:\Users\Admin\AppData\Roaming\npm-cache\angular-new-router\0.5.3\package.tgz
53 verbose tar unpacking to E:\Code\IBSys2\Project_AluGurke\node_modules\angular-new-router
54 silly gentlyRm E:\Code\IBSys2\Project_AluGurke\node_modules\angular-new-router is being purged
55 verbose gentlyRm don't care about contents; nuking E:\Code\IBSys2\Project_AluGurke\node_modules\angular-new-router
56 silly gunzTarPerm modes [ '777', '666' ]
57 silly gunzTarPerm extractEntry package.json
58 silly gunzTarPerm modified mode [ 'package.json', 420, 438 ]
59 silly gunzTarPerm extractEntry .npmignore
60 silly gunzTarPerm modified mode [ '.npmignore', 420, 438 ]
61 silly gunzTarPerm extractEntry README.md
62 silly gunzTarPerm modified mode [ 'README.md', 420, 438 ]
63 silly gunzTarPerm extractEntry LICENSE
64 silly gunzTarPerm modified mode [ 'LICENSE', 420, 438 ]
65 silly gunzTarPerm extractEntry protractor.travis.conf.js
66 silly gunzTarPerm modified mode [ 'protractor.travis.conf.js', 420, 438 ]
67 silly gunzTarPerm extractEntry gulpfile.js
68 silly gunzTarPerm modified mode [ 'gulpfile.js', 420, 438 ]
69 silly gunzTarPerm extractEntry karma.conf.js
70 silly gunzTarPerm modified mode [ 'karma.conf.js', 420, 438 ]
71 silly gunzTarPerm extractEntry karma.es5.conf.js
72 silly gunzTarPerm modified mode [ 'karma.es5.conf.js', 420, 438 ]
73 silly gunzTarPerm extractEntry protractor.conf.js
74 silly gunzTarPerm modified mode [ 'protractor.conf.js', 420, 438 ]
75 silly gunzTarPerm extractEntry index.js
76 silly gunzTarPerm modified mode [ 'index.js', 420, 438 ]
77 silly gunzTarPerm extractEntry dist/grammar.js
78 silly gunzTarPerm modified mode [ 'dist/grammar.js', 420, 438 ]
79 silly gunzTarPerm extractEntry dist/pipeline.js
80 silly gunzTarPerm modified mode [ 'dist/pipeline.js', 420, 438 ]
81 silly gunzTarPerm extractEntry dist/router.es5.js
82 silly gunzTarPerm modified mode [ 'dist/router.es5.js', 420, 438 ]
83 silly gunzTarPerm extractEntry dist/router.es5.min.js
84 silly gunzTarPerm modified mode [ 'dist/router.es5.min.js', 420, 438 ]
85 silly gunzTarPerm extractEntry dist/router.js
86 silly gunzTarPerm modified mode [ 'dist/router.js', 420, 438 ]
87 silly gunzTarPerm extractEntry dist/docs/highlight.css
88 silly gunzTarPerm modified mode [ 'dist/docs/highlight.css', 420, 438 ]
89 silly gunzTarPerm extractEntry dist/docs/$componentLoaderProvider.html
90 silly gunzTarPerm modified mode [ 'dist/docs/$componentLoaderProvider.html', 420, 438 ]
91 silly gunzTarPerm extractEntry dist/docs/Pipeline.html
92 silly gunzTarPerm modified mode [ 'dist/docs/Pipeline.html', 420, 438 ]
93 silly gunzTarPerm extractEntry dist/docs/RootRouter.html
94 silly gunzTarPerm modified mode [ 'dist/docs/RootRouter.html', 420, 438 ]
95 silly gunzTarPerm extractEntry dist/docs/configuration.html
96 silly gunzTarPerm modified mode [ 'dist/docs/configuration.html', 420, 438 ]
97 silly gunzTarPerm extractEntry dist/docs/getting-started.html
98 silly gunzTarPerm modified mode [ 'dist/docs/getting-started.html', 420, 438 ]
99 silly gunzTarPerm extractEntry dist/docs/Grammar.html
100 silly gunzTarPerm modified mode [ 'dist/docs/Grammar.html', 420, 438 ]
101 silly gunzTarPerm extractEntry dist/docs/index.html
102 silly gunzTarPerm modified mode [ 'dist/docs/index.html', 420, 438 ]
103 silly gunzTarPerm extractEntry dist/docs/lifecycle.html
104 silly gunzTarPerm modified mode [ 'dist/docs/lifecycle.html', 420, 438 ]
105 silly gunzTarPerm extractEntry dist/docs/ngLink.html
106 silly gunzTarPerm modified mode [ 'dist/docs/ngLink.html', 420, 438 ]
107 silly gunzTarPerm extractEntry dist/docs/ngViewport.html
108 silly gunzTarPerm modified mode [ 'dist/docs/ngViewport.html', 420, 438 ]
109 silly gunzTarPerm extractEntry dist/docs/style.css
110 silly gunzTarPerm modified mode [ 'dist/docs/style.css', 420, 438 ]
111 silly gunzTarPerm extractEntry config.json
112 silly gunzTarPerm modified mode [ 'config.json', 420, 438 ]
113 silly gunzTarPerm extractEntry .editorconfig
114 silly gunzTarPerm modified mode [ '.editorconfig', 420, 438 ]
115 silly gunzTarPerm extractEntry docs/dgeni.conf.js
116 silly gunzTarPerm modified mode [ 'docs/dgeni.conf.js', 420, 438 ]
117 silly gunzTarPerm extractEntry docs/content/configuration.md
118 silly gunzTarPerm modified mode [ 'docs/content/configuration.md', 420, 438 ]
119 silly gunzTarPerm extractEntry docs/content/getting-started.md
120 silly gunzTarPerm modified mode [ 'docs/content/getting-started.md', 420, 438 ]
121 silly gunzTarPerm extractEntry docs/content/lifecycle.md
122 silly gunzTarPerm modified mode [ 'docs/content/lifecycle.md', 420, 438 ]
123 silly gunzTarPerm extractEntry docs/file-readers/markdown.js
124 silly gunzTarPerm modified mode [ 'docs/file-readers/markdown.js', 420, 438 ]
125 silly gunzTarPerm extractEntry docs/highlight.css
126 silly gunzTarPerm modified mode [ 'docs/highlight.css', 420, 438 ]
127 silly gunzTarPerm extractEntry docs/processors/addMethodsToService.js
128 silly gunzTarPerm modified mode [ 'docs/processors/addMethodsToService.js', 420, 438 ]
129 silly gunzTarPerm extractEntry docs/processors/generateIndexPage.js
130 silly gunzTarPerm modified mode [ 'docs/processors/generateIndexPage.js', 420, 438 ]
131 silly gunzTarPerm extractEntry docs/processors/markdown.js
132 silly gunzTarPerm modified mode [ 'docs/processors/markdown.js', 420, 438 ]
133 silly gunzTarPerm extractEntry docs/rendering/docTypeLabel.js
134 silly gunzTarPerm modified mode [ 'docs/rendering/docTypeLabel.js', 420, 438 ]
135 silly gunzTarPerm extractEntry docs/rendering/relativeLinkInlineTag.js
136 silly gunzTarPerm modified mode [ 'docs/rendering/relativeLinkInlineTag.js', 420, 438 ]
137 silly gunzTarPerm extractEntry docs/style.css
138 silly gunzTarPerm modified mode [ 'docs/style.css', 420, 438 ]
139 silly gunzTarPerm extractEntry docs/templates/index.template.html
140 silly gunzTarPerm modified mode [ 'docs/templates/index.template.html', 420, 438 ]
141 silly gunzTarPerm extractEntry docs/templates/js.template.html
142 silly gunzTarPerm modified mode [ 'docs/templates/js.template.html', 420, 438 ]
143 silly gunzTarPerm extractEntry docs/templates/layout/base.template.html
144 silly gunzTarPerm modified mode [ 'docs/templates/layout/base.template.html', 420, 438 ]
145 silly gunzTarPerm extractEntry docs/templates/markdown.template.html
146 silly gunzTarPerm modified mode [ 'docs/templates/markdown.template.html', 420, 438 ]
147 silly gunzTarPerm extractEntry docs/traceur-package/index.js
148 silly gunzTarPerm modified mode [ 'docs/traceur-package/index.js', 420, 438 ]
149 silly gunzTarPerm extractEntry docs/traceur-package/processors/generateDocsFromComments.js
150 silly gunzTarPerm modified mode [ 'docs/traceur-package/processors/generateDocsFromComments.js',
150 silly gunzTarPerm   420,
150 silly gunzTarPerm   438 ]
151 silly gunzTarPerm extractEntry docs/traceur-package/processors/processClassDocs.js
152 silly gunzTarPerm modified mode [ 'docs/traceur-package/processors/processClassDocs.js',
152 silly gunzTarPerm   420,
152 silly gunzTarPerm   438 ]
153 silly gunzTarPerm extractEntry docs/traceur-package/processors/processModuleDocs.js
154 silly gunzTarPerm modified mode [ 'docs/traceur-package/processors/processModuleDocs.js',
154 silly gunzTarPerm   420,
154 silly gunzTarPerm   438 ]
155 silly gunzTarPerm extractEntry docs/traceur-package/readers/atScript.js
156 silly gunzTarPerm modified mode [ 'docs/traceur-package/readers/atScript.js', 420, 438 ]
157 silly gunzTarPerm extractEntry docs/traceur-package/readers/atScript.spec.js
158 silly gunzTarPerm modified mode [ 'docs/traceur-package/readers/atScript.spec.js', 420, 438 ]
159 silly gunzTarPerm extractEntry docs/traceur-package/services/AttachCommentTreeVisitor.js
160 silly gunzTarPerm modified mode [ 'docs/traceur-package/services/AttachCommentTreeVisitor.js',
160 silly gunzTarPerm   420,
160 silly gunzTarPerm   438 ]
161 silly gunzTarPerm extractEntry docs/traceur-package/services/ExportTreeVisitor.js
162 silly gunzTarPerm modified mode [ 'docs/traceur-package/services/ExportTreeVisitor.js',
162 silly gunzTarPerm   420,
162 silly gunzTarPerm   438 ]
163 silly gunzTarPerm extractEntry docs/traceur-package/services/atParser.js
164 silly gunzTarPerm modified mode [ 'docs/traceur-package/services/atParser.js', 420, 438 ]
165 silly gunzTarPerm extractEntry docs/traceur-package/services/atParser.spec.js
166 silly gunzTarPerm modified mode [ 'docs/traceur-package/services/atParser.spec.js', 420, 438 ]
167 silly gunzTarPerm extractEntry docs/traceur-package/services/getJSDocComment.js
168 silly gunzTarPerm modified mode [ 'docs/traceur-package/services/getJSDocComment.js', 420, 438 ]
169 silly gunzTarPerm extractEntry docs/traceur-package/services/getJSDocComment.spec.js
170 silly gunzTarPerm modified mode [ 'docs/traceur-package/services/getJSDocComment.spec.js',
170 silly gunzTarPerm   420,
170 silly gunzTarPerm   438 ]
171 silly gunzTarPerm extractEntry docs/traceur-package/services/traceur.js
172 silly gunzTarPerm modified mode [ 'docs/traceur-package/services/traceur.js', 420, 438 ]
173 silly gunzTarPerm extractEntry docs/traceur-package/templates/data-module.template.js
174 silly gunzTarPerm modified mode [ 'docs/traceur-package/templates/data-module.template.js',
174 silly gunzTarPerm   420,
174 silly gunzTarPerm   438 ]
175 silly gunzTarPerm extractEntry docs/traceur-package/templates/class.template.html
176 silly gunzTarPerm modified mode [ 'docs/traceur-package/templates/class.template.html',
176 silly gunzTarPerm   420,
176 silly gunzTarPerm   438 ]
177 silly gunzTarPerm extractEntry docs/traceur-package/templates/common.template.html
178 silly gunzTarPerm modified mode [ 'docs/traceur-package/templates/common.template.html',
178 silly gunzTarPerm   420,
178 silly gunzTarPerm   438 ]
179 silly gunzTarPerm extractEntry docs/traceur-package/templates/layout/base.template.html
180 silly gunzTarPerm modified mode [ 'docs/traceur-package/templates/layout/base.template.html',
180 silly gunzTarPerm   420,
180 silly gunzTarPerm   438 ]
181 silly gunzTarPerm extractEntry docs/traceur-package/templates/module.template.html
182 silly gunzTarPerm modified mode [ 'docs/traceur-package/templates/module.template.html',
182 silly gunzTarPerm   420,
182 silly gunzTarPerm   438 ]
183 silly gunzTarPerm extractEntry ARCHITECTURE.md
184 silly gunzTarPerm modified mode [ 'ARCHITECTURE.md', 420, 438 ]
185 silly gunzTarPerm extractEntry CHANGELOG.md
186 silly gunzTarPerm modified mode [ 'CHANGELOG.md', 420, 438 ]
187 silly gunzTarPerm extractEntry CONTRIBUTING.md
188 silly gunzTarPerm modified mode [ 'CONTRIBUTING.md', 420, 438 ]
189 silly gunzTarPerm extractEntry DOCUMENTATION.md
190 silly gunzTarPerm modified mode [ 'DOCUMENTATION.md', 420, 438 ]
191 silly gunzTarPerm extractEntry src/router-directive.es5.js
192 silly gunzTarPerm modified mode [ 'src/router-directive.es5.js', 420, 438 ]
193 silly gunzTarPerm extractEntry src/grammar.ats
194 silly gunzTarPerm modified mode [ 'src/grammar.ats', 420, 438 ]
195 silly gunzTarPerm extractEntry src/pipeline.ats
196 silly gunzTarPerm modified mode [ 'src/pipeline.ats', 420, 438 ]
197 silly gunzTarPerm extractEntry src/router.ats
198 silly gunzTarPerm modified mode [ 'src/router.ats', 420, 438 ]
199 silly gunzTarPerm extractEntry .bowerrc
200 silly gunzTarPerm modified mode [ '.bowerrc', 420, 438 ]
201 silly gunzTarPerm extractEntry .travis.yml
202 silly gunzTarPerm modified mode [ '.travis.yml', 420, 438 ]
203 silly gunzTarPerm extractEntry config/karma.sauce.conf.js
204 silly gunzTarPerm modified mode [ 'config/karma.sauce.conf.js', 420, 438 ]
205 silly gunzTarPerm extractEntry config/karma.travis.conf.js
206 silly gunzTarPerm modified mode [ 'config/karma.travis.conf.js', 420, 438 ]
207 silly gunzTarPerm extractEntry test/component-loader.es5.spec.js
208 silly gunzTarPerm modified mode [ 'test/component-loader.es5.spec.js', 420, 438 ]
209 silly gunzTarPerm extractEntry test/controller-introspector.es5.spec.js
210 silly gunzTarPerm modified mode [ 'test/controller-introspector.es5.spec.js', 420, 438 ]
211 silly gunzTarPerm extractEntry test/main.js
212 silly gunzTarPerm modified mode [ 'test/main.js', 420, 438 ]
213 silly gunzTarPerm extractEntry test/pipeline.es5.spec.js
214 silly gunzTarPerm modified mode [ 'test/pipeline.es5.spec.js', 420, 438 ]
215 silly gunzTarPerm extractEntry test/router-viewport.es5.spec.js
216 silly gunzTarPerm modified mode [ 'test/router-viewport.es5.spec.js', 420, 438 ]
217 silly gunzTarPerm extractEntry test/util.es5.js
218 silly gunzTarPerm modified mode [ 'test/util.es5.js', 420, 438 ]
219 silly gunzTarPerm extractEntry test/router.spec.ats
220 silly gunzTarPerm modified mode [ 'test/router.spec.ats', 420, 438 ]
221 verbose write writing to E:\Code\IBSys2\Project_AluGurke\node_modules\angular-new-router\package.json
222 info preinstall angular-new-router@0.5.3
223 verbose readDependencies loading dependencies from E:\Code\IBSys2\Project_AluGurke\node_modules\angular-new-router\package.json
224 silly prepareForInstallMany adding requirejs@^2.1.15 from angular-new-router dependencies
225 silly prepareForInstallMany adding route-recognizer@git://github.com/btford/route-recognizer.git from angular-new-router dependencies
226 silly prepareForInstallMany adding traceur@^0.0.72 from angular-new-router dependencies
227 verbose readDependencies loading dependencies from E:\Code\IBSys2\Project_AluGurke\node_modules\angular-new-router\package.json
228 silly cache add args [ 'requirejs@^2.1.15', null ]
229 verbose cache add spec requirejs@^2.1.15
230 silly cache add args [ 'route-recognizer@git://github.com/btford/route-recognizer.git',
230 silly cache add   null ]
231 verbose cache add spec route-recognizer@git://github.com/btford/route-recognizer.git
232 silly cache add parsed spec { raw: 'requirejs@^2.1.15',
232 silly cache add   scope: null,
232 silly cache add   name: 'requirejs',
232 silly cache add   rawSpec: '^2.1.15',
232 silly cache add   spec: '>=2.1.15 <3.0.0',
232 silly cache add   type: 'range' }
233 silly addNamed requirejs@>=2.1.15 <3.0.0
234 verbose addNamed ">=2.1.15 <3.0.0" is a valid semver range for requirejs
235 silly addNameRange { name: 'requirejs', range: '>=2.1.15 <3.0.0', hasData: false }
236 silly mapToRegistry name requirejs
237 silly mapToRegistry using default registry
238 silly mapToRegistry registry https://registry.npmjs.org/
239 silly mapToRegistry uri https://registry.npmjs.org/requirejs
240 verbose addNameRange registry:https://registry.npmjs.org/requirejs not in flight; fetching
241 silly cache add args [ 'traceur@^0.0.72', null ]
242 verbose cache add spec traceur@^0.0.72
243 silly cache add parsed spec { raw: 'traceur@^0.0.72',
243 silly cache add   scope: null,
243 silly cache add   name: 'traceur',
243 silly cache add   rawSpec: '^0.0.72',
243 silly cache add   spec: '>=0.0.72 <0.0.73',
243 silly cache add   type: 'range' }
244 silly addNamed traceur@>=0.0.72 <0.0.73
245 verbose addNamed ">=0.0.72 <0.0.73" is a valid semver range for traceur
246 silly addNameRange { name: 'traceur', range: '>=0.0.72 <0.0.73', hasData: false }
247 silly mapToRegistry name traceur
248 silly mapToRegistry using default registry
249 silly mapToRegistry registry https://registry.npmjs.org/
250 silly mapToRegistry uri https://registry.npmjs.org/traceur
251 verbose addNameRange registry:https://registry.npmjs.org/traceur not in flight; fetching
252 silly cache add parsed spec { raw: 'route-recognizer@git://github.com/btford/route-recognizer.git',
252 silly cache add   scope: null,
252 silly cache add   name: 'route-recognizer',
252 silly cache add   rawSpec: 'git://github.com/btford/route-recognizer.git',
252 silly cache add   spec: 'git://github.com/btford/route-recognizer.git',
252 silly cache add   type: 'hosted',
252 silly cache add   hosted:
252 silly cache add    { type: 'github',
252 silly cache add      ssh: 'git@github.com:btford/route-recognizer.git',
252 silly cache add      sshUrl: 'git+ssh://git@github.com/btford/route-recognizer.git',
252 silly cache add      httpsUrl: 'git+https://github.com/btford/route-recognizer.git',
252 silly cache add      gitUrl: 'git://github.com/btford/route-recognizer.git',
252 silly cache add      shortcut: 'github:btford/route-recognizer',
252 silly cache add      directUrl: 'https://raw.githubusercontent.com/btford/route-recognizer/master/package.json' } }
253 verbose addRemoteGit caching git://github.com/btford/route-recognizer.git
254 verbose addRemoteGit git://github.com/btford/route-recognizer.git is a repository hosted by github
255 silly tryClone cloning git://github.com/btford/route-recognizer.git via git://github.com/btford/route-recognizer.git
256 verbose tryClone git-github-com-btford-route-recognizer-git-99ace589 not in flight; caching
257 verbose request uri https://registry.npmjs.org/requirejs
258 verbose request no auth needed
259 info attempt registry request try #1 at 15:11:27
260 verbose etag "7WCR4V72P2GEZ2VBCQQNU02BG"
261 http request GET https://registry.npmjs.org/requirejs
262 verbose request uri https://registry.npmjs.org/traceur
263 verbose request no auth needed
264 info attempt registry request try #1 at 15:11:27
265 verbose etag "9ENI9OZ57M4RL230BF18XQ25V"
266 http request GET https://registry.npmjs.org/traceur
267 warn addRemoteGit Error: not found: git
267 warn addRemoteGit     at F (E:\Program Files\nodejs\node_modules\npm\node_modules\which\which.js:72:28)
267 warn addRemoteGit     at E (E:\Program Files\nodejs\node_modules\npm\node_modules\which\which.js:75:29)
267 warn addRemoteGit     at E:\Program Files\nodejs\node_modules\npm\node_modules\which\which.js:83:16
267 warn addRemoteGit     at FSReqWrap.oncomplete (fs.js:95:15)
267 warn addRemoteGit  git://github.com/btford/route-recognizer.git resetting remote C:\Users\Admin\AppData\Roaming\npm-cache\_git-remotes\git-github-com-btford-route-recognizer-git-99ace589 because of error: { [Error: not found: git] code: 'ENOGIT' }
268 info resetRemote resetting C:\Users\Admin\AppData\Roaming\npm-cache\_git-remotes\git-github-com-btford-route-recognizer-git-99ace589 for git://github.com/btford/route-recognizer.git
269 silly gentlyRm C:\Users\Admin\AppData\Roaming\npm-cache\_git-remotes\git-github-com-btford-route-recognizer-git-99ace589 is being purged
270 verbose gentlyRm don't care about contents; nuking C:\Users\Admin\AppData\Roaming\npm-cache\_git-remotes\git-github-com-btford-route-recognizer-git-99ace589
271 silly vacuum-fs purging C:\Users\Admin\AppData\Roaming\npm-cache\_git-remotes\git-github-com-btford-route-recognizer-git-99ace589
272 silly vacuum-fs quitting because other entries in C:\Users\Admin\AppData\Roaming\npm-cache\_git-remotes
273 error git clone --template=C:\Users\Admin\AppData\Roaming\npm-cache\_git-remotes\_templates --mirror git://github.com/btford/route-recognizer.git C:\Users\Admin\AppData\Roaming\npm-cache\_git-remotes\git-github-com-btford-route-recognizer-git-99ace589: undefined
273 error git clone --template=C:\Users\Admin\AppData\Roaming\npm-cache\_git-remotes\_templates --mirror git://github.com/btford/route-recognizer.git C:\Users\Admin\AppData\Roaming\npm-cache\_git-remotes\git-github-com-btford-route-recognizer-git-99ace589: undefined
274 http 304 https://registry.npmjs.org/requirejs
275 silly get cb [ 304,
275 silly get   { date: 'Sun, 04 Oct 2015 13:11:27 GMT',
275 silly get     via: '1.1 varnish',
275 silly get     'cache-control': 'max-age=60',
275 silly get     etag: '"7WCR4V72P2GEZ2VBCQQNU02BG"',
275 silly get     age: '28',
275 silly get     connection: 'keep-alive',
275 silly get     'x-served-by': 'cache-fra1246-FRA',
275 silly get     'x-cache': 'HIT',
275 silly get     'x-cache-hits': '1',
275 silly get     'x-timer': 'S1443964287.660990,VS0,VE0',
275 silly get     vary: 'Accept' } ]
276 verbose etag https://registry.npmjs.org/requirejs from cache
277 verbose get saving requirejs to C:\Users\Admin\AppData\Roaming\npm-cache\registry.npmjs.org\requirejs\.cache.json
278 silly addNameRange number 2 { name: 'requirejs', range: '>=2.1.15 <3.0.0', hasData: true }
279 silly addNameRange versions [ 'requirejs',
279 silly addNameRange   [ '0.26.0',
279 silly addNameRange     '0.27.0',
279 silly addNameRange     '0.27.1',
279 silly addNameRange     '1.0.0',
279 silly addNameRange     '1.0.1',
279 silly addNameRange     '1.0.2',
279 silly addNameRange     '1.0.3',
279 silly addNameRange     '1.0.4',
279 silly addNameRange     '1.0.5',
279 silly addNameRange     '1.0.6',
279 silly addNameRange     '1.0.7',
279 silly addNameRange     '1.0.8',
279 silly addNameRange     '2.0.0',
279 silly addNameRange     '2.0.1',
279 silly addNameRange     '2.0.2',
279 silly addNameRange     '2.0.3',
279 silly addNameRange     '2.0.4',
279 silly addNameRange     '2.0.5',
279 silly addNameRange     '2.0.6',
279 silly addNameRange     '2.1.0',
279 silly addNameRange     '2.1.1',
279 silly addNameRange     '2.1.2',
279 silly addNameRange     '2.1.3',
279 silly addNameRange     '2.1.4',
279 silly addNameRange     '2.1.5',
279 silly addNameRange     '2.1.6',
279 silly addNameRange     '2.1.7',
279 silly addNameRange     '2.1.8',
279 silly addNameRange     '2.1.9',
279 silly addNameRange     '2.1.10',
279 silly addNameRange     '2.1.11',
279 silly addNameRange     '2.1.12',
279 silly addNameRange     '2.1.13',
279 silly addNameRange     '2.1.14',
279 silly addNameRange     '2.1.15',
279 silly addNameRange     '2.1.16',
279 silly addNameRange     '2.1.17',
279 silly addNameRange     '2.1.18',
279 silly addNameRange     '2.1.19',
279 silly addNameRange     '2.1.20' ] ]
280 silly addNamed requirejs@2.1.20
281 verbose addNamed "2.1.20" is a plain semver version for requirejs
282 http 304 https://registry.npmjs.org/traceur
283 silly get cb [ 304,
283 silly get   { date: 'Sun, 04 Oct 2015 13:11:27 GMT',
283 silly get     via: '1.1 varnish',
283 silly get     'cache-control': 'max-age=60',
283 silly get     etag: '"9ENI9OZ57M4RL230BF18XQ25V"',
283 silly get     age: '26',
283 silly get     connection: 'keep-alive',
283 silly get     'x-served-by': 'cache-fra1237-FRA',
283 silly get     'x-cache': 'HIT',
283 silly get     'x-cache-hits': '1',
283 silly get     'x-timer': 'S1443964287.683001,VS0,VE0',
283 silly get     vary: 'Accept' } ]
284 verbose etag https://registry.npmjs.org/traceur from cache
285 verbose get saving traceur to C:\Users\Admin\AppData\Roaming\npm-cache\registry.npmjs.org\traceur\.cache.json
286 silly cache afterAdd requirejs@2.1.20
287 verbose afterAdd C:\Users\Admin\AppData\Roaming\npm-cache\requirejs\2.1.20\package\package.json not in flight; writing
288 verbose afterAdd C:\Users\Admin\AppData\Roaming\npm-cache\requirejs\2.1.20\package\package.json written
289 silly addNameRange number 2 { name: 'traceur', range: '>=0.0.72 <0.0.73', hasData: true }
290 silly addNameRange versions [ 'traceur',
290 silly addNameRange   [ '0.0.1',
290 silly addNameRange     '0.0.2',
290 silly addNameRange     '0.0.3',
290 silly addNameRange     '0.0.4',
290 silly addNameRange     '0.0.5',
290 silly addNameRange     '0.0.6',
290 silly addNameRange     '0.0.7',
290 silly addNameRange     '0.0.8',
290 silly addNameRange     '0.0.9',
290 silly addNameRange     '0.0.10',
290 silly addNameRange     '0.0.11',
290 silly addNameRange     '0.0.12',
290 silly addNameRange     '0.0.13',
290 silly addNameRange     '0.0.14',
290 silly addNameRange     '0.0.15',
290 silly addNameRange     '0.0.16',
290 silly addNameRange     '0.0.17',
290 silly addNameRange     '0.0.18',
290 silly addNameRange     '0.0.19',
290 silly addNameRange     '0.0.20',
290 silly addNameRange     '0.0.21',
290 silly addNameRange     '0.0.22',
290 silly addNameRange     '0.0.23',
290 silly addNameRange     '0.0.24',
290 silly addNameRange     '0.0.25',
290 silly addNameRange     '0.0.27',
290 silly addNameRange     '0.0.28',
290 silly addNameRange     '0.0.29',
290 silly addNameRange     '0.0.30',
290 silly addNameRange     '0.0.31',
290 silly addNameRange     '0.0.32',
290 silly addNameRange     '0.0.33',
290 silly addNameRange     '0.0.34',
290 silly addNameRange     '0.0.35',
290 silly addNameRange     '0.0.36',
290 silly addNameRange     '0.0.37',
290 silly addNameRange     '0.0.38',
290 silly addNameRange     '0.0.39',
290 silly addNameRange     '0.0.40',
290 silly addNameRange     '0.0.41',
290 silly addNameRange     '0.0.42',
290 silly addNameRange     '0.0.43',
290 silly addNameRange     '0.0.44',
290 silly addNameRange     '0.0.45',
290 silly addNameRange     '0.0.46',
290 silly addNameRange     '0.0.47',
290 silly addNameRange     '0.0.48',
290 silly addNameRange     '0.0.49',
290 silly addNameRange     '0.0.50',
290 silly addNameRange     '0.0.51',
290 silly addNameRange     '0.0.52',
290 silly addNameRange     '0.0.53',
290 silly addNameRange     '0.0.54',
290 silly addNameRange     '0.0.55',
290 silly addNameRange     '0.0.56',
290 silly addNameRange     '0.0.57',
290 silly addNameRange     '0.0.58',
290 silly addNameRange     '0.0.59',
290 silly addNameRange     '0.0.60',
290 silly addNameRange     '0.0.61',
290 silly addNameRange     '0.0.62',
290 silly addNameRange     '0.0.63',
290 silly addNameRange     '0.0.64',
290 silly addNameRange     '0.0.65',
290 silly addNameRange     '0.0.66',
290 silly addNameRange     '0.0.67',
290 silly addNameRange     '0.0.68',
290 silly addNameRange     '0.0.69',
290 silly addNameRange     '0.0.70',
290 silly addNameRange     '0.0.71',
290 silly addNameRange     '0.0.72',
290 silly addNameRange     '0.0.73',
290 silly addNameRange     '0.0.74',
290 silly addNameRange     '0.0.75',
290 silly addNameRange     '0.0.76',
290 silly addNameRange     '0.0.77',
290 silly addNameRange     '0.0.78',
290 silly addNameRange     '0.0.79',
290 silly addNameRange     '0.0.80',
290 silly addNameRange     '0.0.81',
290 silly addNameRange     '0.0.82',
290 silly addNameRange     '0.0.83',
290 silly addNameRange     '0.0.84',
290 silly addNameRange     '0.0.85',
290 silly addNameRange     '0.0.86',
290 silly addNameRange     '0.0.87',
290 silly addNameRange     '0.0.88',
290 silly addNameRange     '0.0.89',
290 silly addNameRange     '0.0.90',
290 silly addNameRange     '0.0.91' ] ]
291 silly addNamed traceur@0.0.72
292 verbose addNamed "0.0.72" is a plain semver version for traceur
293 silly cache afterAdd traceur@0.0.72
294 verbose afterAdd C:\Users\Admin\AppData\Roaming\npm-cache\traceur\0.0.72\package\package.json not in flight; writing
295 verbose afterAdd C:\Users\Admin\AppData\Roaming\npm-cache\traceur\0.0.72\package\package.json written
296 verbose about to build E:\Code\IBSys2\Project_AluGurke\node_modules\angular-new-router
297 verbose unlock done using C:\Users\Admin\AppData\Roaming\npm-cache\_locks\angular-new-router-5653df2668191d41.lock for E:\Code\IBSys2\Project_AluGurke\node_modules\angular-new-router
298 verbose stack Error: not found: git
298 verbose stack     at F (E:\Program Files\nodejs\node_modules\npm\node_modules\which\which.js:72:28)
298 verbose stack     at E (E:\Program Files\nodejs\node_modules\npm\node_modules\which\which.js:75:29)
298 verbose stack     at E:\Program Files\nodejs\node_modules\npm\node_modules\which\which.js:83:16
298 verbose stack     at FSReqWrap.oncomplete (fs.js:95:15)
299 verbose cwd E:\Code\IBSys2\Project_AluGurke
300 error Windows_NT 6.1.7600
301 error argv "E:\\Program Files\\nodejs\\\\node.exe" "E:\\Program Files\\nodejs\\node_modules\\npm\\bin\\npm-cli.js" "install" "angular-new-router"
302 error node v0.12.4
303 error npm  v2.10.1
304 error code ENOGIT
305 error not found: git
306 error Failed using git.
306 error This is most likely not a problem with npm itself.
306 error Please check if you have git installed and in your PATH.
307 verbose exit [ 1, true ]
308 verbose unbuild node_modules\angular-new-router
309 info preuninstall angular-new-router@0.5.3
310 info uninstall angular-new-router@0.5.3
311 verbose unbuild rmStuff angular-new-router@0.5.3 from E:\Code\IBSys2\Project_AluGurke\node_modules
312 info postuninstall angular-new-router@0.5.3
313 silly gentlyRm E:\Code\IBSys2\Project_AluGurke\node_modules\angular-new-router is being purged from base E:\Code\IBSys2\Project_AluGurke
314 verbose gentlyRm don't care about contents; nuking E:\Code\IBSys2\Project_AluGurke\node_modules\angular-new-router
315 silly vacuum-fs purging E:\Code\IBSys2\Project_AluGurke\node_modules\angular-new-router
316 silly vacuum-fs quitting because other entries in E:\Code\IBSys2\Project_AluGurke\node_modules
